[15-Aug-2023 20:49:25 UTC] PHP Warning:  Undefined variable $characters_query in C:\Users\cyrno\Documents\Local Sites\koukakip9\app\public\wp-content\themes\foce-child\template-parts\personnages.php on line 5
[15-Aug-2023 20:49:25 UTC] PHP Fatal error:  Uncaught Error: Call to a member function have_posts() on null in C:\Users\cyrno\Documents\Local Sites\koukakip9\app\public\wp-content\themes\foce-child\template-parts\personnages.php:5
Stack trace:
#0 C:\Users\cyrno\Documents\Local Sites\koukakip9\app\public\wp-includes\template.php(787): require()
#1 C:\Users\cyrno\Documents\Local Sites\koukakip9\app\public\wp-includes\template.php(720): load_template('C:\\Users\\cyrno\\...', false, Array)
#2 C:\Users\cyrno\Documents\Local Sites\koukakip9\app\public\wp-includes\general-template.php(206): locate_template(Array, true, false, Array)
#3 C:\Users\cyrno\Documents\Local Sites\koukakip9\app\public\wp-content\themes\foce-child\front-page.php(34): get_template_part('template-parts/...')
#4 C:\Users\cyrno\Documents\Local Sites\koukakip9\app\public\wp-includes\template-loader.php(106): include('C:\\Users\\cyrno\\...')
#5 C:\Users\cyrno\Documents\Local Sites\koukakip9\app\public\wp-blog-header.php(19): require_once('C:\\Users\\cyrno\\...')
#6 C:\Users\cyrno\Documents\Local Sites\koukakip9\app\public\index.php(17): require('C:\\Users\\cyrno\\...')
#7 {main}
  thrown in C:\Users\cyrno\Documents\Local Sites\koukakip9\app\public\wp-content\themes\foce-child\template-parts\personnages.php on line 5
[15-Aug-2023 20:52:57 UTC] PHP Warning:  Undefined variable $characters_query in C:\Users\cyrno\Documents\Local Sites\koukakip9\app\public\wp-content\themes\foce-child\template-parts\personnages.php on line 9
[15-Aug-2023 20:52:57 UTC] PHP Fatal error:  Uncaught Error: Call to a member function have_posts() on null in C:\Users\cyrno\Documents\Local Sites\koukakip9\app\public\wp-content\themes\foce-child\template-parts\personnages.php:9
Stack trace:
#0 C:\Users\cyrno\Documents\Local Sites\koukakip9\app\public\wp-includes\template.php(787): require()
#1 C:\Users\cyrno\Documents\Local Sites\koukakip9\app\public\wp-includes\template.php(720): load_template('C:\\Users\\cyrno\\...', false, Array)
#2 C:\Users\cyrno\Documents\Local Sites\koukakip9\app\public\wp-includes\general-template.php(206): locate_template(Array, true, false, Array)
#3 C:\Users\cyrno\Documents\Local Sites\koukakip9\app\public\wp-content\themes\foce-child\front-page.php(34): get_template_part('template-parts/...')
#4 C:\Users\cyrno\Documents\Local Sites\koukakip9\app\public\wp-includes\template-loader.php(106): include('C:\\Users\\cyrno\\...')
#5 C:\Users\cyrno\Documents\Local Sites\koukakip9\app\public\wp-blog-header.php(19): require_once('C:\\Users\\cyrno\\...')
#6 C:\Users\cyrno\Documents\Local Sites\koukakip9\app\public\index.php(17): require('C:\\Users\\cyrno\\...')
#7 {main}
  thrown in C:\Users\cyrno\Documents\Local Sites\koukakip9\app\public\wp-content\themes\foce-child\template-parts\personnages.php on line 9
[15-Aug-2023 21:28:43 UTC] PHP Warning:  Undefined variable $characters_query in C:\Users\cyrno\Documents\Local Sites\koukakip9\app\public\wp-content\themes\foce-child\template-parts\personnages.php on line 5
[15-Aug-2023 21:28:43 UTC] PHP Fatal error:  Uncaught Error: Call to a member function have_posts() on null in C:\Users\cyrno\Documents\Local Sites\koukakip9\app\public\wp-content\themes\foce-child\template-parts\personnages.php:5
Stack trace:
#0 C:\Users\cyrno\Documents\Local Sites\koukakip9\app\public\wp-includes\template.php(787): require()
#1 C:\Users\cyrno\Documents\Local Sites\koukakip9\app\public\wp-includes\template.php(720): load_template('C:\\Users\\cyrno\\...', false, Array)
#2 C:\Users\cyrno\Documents\Local Sites\koukakip9\app\public\wp-includes\general-template.php(206): locate_template(Array, true, false, Array)
#3 C:\Users\cyrno\Documents\Local Sites\koukakip9\app\public\wp-content\themes\foce-child\front-page.php(22): get_template_part('template-parts/...')
#4 C:\Users\cyrno\Documents\Local Sites\koukakip9\app\public\wp-includes\template-loader.php(106): include('C:\\Users\\cyrno\\...')
#5 C:\Users\cyrno\Documents\Local Sites\koukakip9\app\public\wp-blog-header.php(19): require_once('C:\\Users\\cyrno\\...')
#6 C:\Users\cyrno\Documents\Local Sites\koukakip9\app\public\index.php(17): require('C:\\Users\\cyrno\\...')
#7 {main}
  thrown in C:\Users\cyrno\Documents\Local Sites\koukakip9\app\public\wp-content\themes\foce-child\template-parts\personnages.php on line 5
[18-Aug-2023 11:44:06 UTC] PHP Parse error:  syntax error, unexpected single-quoted string ".\medias\big_cloud.png", expecting "," or ";" in C:\Users\cyrno\Documents\Local Sites\koukakip9\app\public\wp-content\themes\foce-child\front-page.php on line 29
[18-Aug-2023 11:45:00 UTC] PHP Parse error:  syntax error, unexpected single-quoted string ".\medias\big_cloud.png", expecting "," or ";" in C:\Users\cyrno\Documents\Local Sites\koukakip9\app\public\wp-content\themes\foce-child\front-page.php on line 29
[18-Aug-2023 11:45:04 UTC] PHP Parse error:  syntax error, unexpected single-quoted string ".\medias\big_cloud.png", expecting "," or ";" in C:\Users\cyrno\Documents\Local Sites\koukakip9\app\public\wp-content\themes\foce-child\front-page.php on line 29
[18-Aug-2023 11:45:42 UTC] PHP Parse error:  syntax error, unexpected single-quoted string ".\medias\big_cloud.png", expecting "," or ";" in C:\Users\cyrno\Documents\Local Sites\koukakip9\app\public\wp-content\themes\foce-child\front-page.php on line 29
[18-Aug-2023 15:27:13 UTC] PHP Parse error:  syntax error, unexpected token "const" in C:\Users\cyrno\Documents\Local Sites\koukakip9\app\public\wp-content\themes\foce-child\functions.php on line 31
[18-Aug-2023 15:27:13 UTC] PHP Parse error:  syntax error, unexpected token "const" in C:\Users\cyrno\Documents\Local Sites\koukakip9\app\public\wp-content\themes\foce-child\functions.php on line 31
[18-Aug-2023 15:27:59 UTC] PHP Parse error:  syntax error, unexpected token "const" in C:\Users\cyrno\Documents\Local Sites\koukakip9\app\public\wp-content\themes\foce-child\functions.php on line 31
[18-Aug-2023 15:27:59 UTC] PHP Parse error:  syntax error, unexpected token "const" in C:\Users\cyrno\Documents\Local Sites\koukakip9\app\public\wp-content\themes\foce-child\functions.php on line 31
[18-Aug-2023 15:27:59 UTC] PHP Parse error:  syntax error, unexpected token "const" in C:\Users\cyrno\Documents\Local Sites\koukakip9\app\public\wp-content\themes\foce-child\functions.php on line 31
[18-Aug-2023 15:27:59 UTC] PHP Parse error:  syntax error, unexpected token "const" in C:\Users\cyrno\Documents\Local Sites\koukakip9\app\public\wp-content\themes\foce-child\functions.php on line 31
[18-Aug-2023 15:28:00 UTC] PHP Parse error:  syntax error, unexpected token "const" in C:\Users\cyrno\Documents\Local Sites\koukakip9\app\public\wp-content\themes\foce-child\functions.php on line 31
[18-Aug-2023 15:28:00 UTC] PHP Parse error:  syntax error, unexpected token "const" in C:\Users\cyrno\Documents\Local Sites\koukakip9\app\public\wp-content\themes\foce-child\functions.php on line 31
